Determining if the pthread_create exist failed with the following output:
Change Dir: /home/manika/catkin_ws/build/CMakeFiles/CMakeTmp

Run Build Command:"/usr/bin/make" "cmTC_42afe/fast"
/usr/bin/make -f CMakeFiles/cmTC_42afe.dir/build.make CMakeFiles/cmTC_42afe.dir/build
make[1]: Entering directory '/home/manika/catkin_ws/build/CMakeFiles/CMakeTmp'
Building C object CMakeFiles/cmTC_42afe.dir/CheckSymbolExists.c.o
/usr/bin/cc     -o CMakeFiles/cmTC_42afe.dir/CheckSymbolExists.c.o   -c /home/manika/catkin_ws/build/CMakeFiles/CMakeTmp/CheckSymbolExists.c
Linking C executable cmTC_42afe
/usr/bin/cmake -E cmake_link_script CMakeFiles/cmTC_42afe.dir/link.txt --verbose=1
/usr/bin/cc       CMakeFiles/cmTC_42afe.dir/CheckSymbolExists.c.o  -o cmTC_42afe -rdynamic 
CMakeFiles/cmTC_42afe.dir/CheckSymbolExists.c.o: In function `main':
CheckSymbolExists.c:(.text+0x16): undefined reference to `pthread_create'
collect2: error: ld returned 1 exit status
CMakeFiles/cmTC_42afe.dir/build.make:97: recipe for target 'cmTC_42afe' failed
make[1]: *** [cmTC_42afe] Error 1
make[1]: Leaving directory '/home/manika/catkin_ws/build/CMakeFiles/CMakeTmp'
Makefile:126: recipe for target 'cmTC_42afe/fast' failed
make: *** [cmTC_42afe/fast] Error 2

File /home/manika/catkin_ws/build/CMakeFiles/CMakeTmp/CheckSymbolExists.c:
/* */
#include <pthread.h>

int main(int argc, char** argv)
{
  (void)argv;
#ifndef pthread_create
  return ((int*)(&pthread_create))[argc];
#else
  (void)argc;
  return 0;
#endif
}

Determining if the function pthread_create exists in the pthreads failed with the following output:
Change Dir: /home/manika/catkin_ws/build/CMakeFiles/CMakeTmp

Run Build Command:"/usr/bin/make" "cmTC_3d351/fast"
/usr/bin/make -f CMakeFiles/cmTC_3d351.dir/build.make CMakeFiles/cmTC_3d351.dir/build
make[1]: Entering directory '/home/manika/catkin_ws/build/CMakeFiles/CMakeTmp'
Building C object CMakeFiles/cmTC_3d351.dir/CheckFunctionExists.c.o
/usr/bin/cc    -DCHECK_FUNCTION_EXISTS=pthread_create   -o CMakeFiles/cmTC_3d351.dir/CheckFunctionExists.c.o   -c /usr/share/cmake-3.5/Modules/CheckFunctionExists.c
Linking C executable cmTC_3d351
/usr/bin/cmake -E cmake_link_script CMakeFiles/cmTC_3d351.dir/link.txt --verbose=1
/usr/bin/cc   -DCHECK_FUNCTION_EXISTS=pthread_create    CMakeFiles/cmTC_3d351.dir/CheckFunctionExists.c.o  -o cmTC_3d351 -rdynamic -lpthreads 
/usr/bin/ld: cannot find -lpthreads
collect2: error: ld returned 1 exit status
CMakeFiles/cmTC_3d351.dir/build.make:97: recipe for target 'cmTC_3d351' failed
make[1]: *** [cmTC_3d351] Error 1
make[1]: Leaving directory '/home/manika/catkin_ws/build/CMakeFiles/CMakeTmp'
Makefile:126: recipe for target 'cmTC_3d351/fast' failed
make: *** [cmTC_3d351/fast] Error 2


